# JRE version: Java(TM) SE Runtime Environment (8.0_151-b12) (build 1.8.0_151-b12)
# Java VM: Java HotSpot(TM) 64-Bit Server VM (25.151-b12 mixed mode linux-amd64 compressed oops)
Heap:
 PSYoungGen      total 152576K, used 53082K [0x000000076d300000, 0x0000000778480000, 0x00000007c0000000)
  eden space 126464K, 41% used [0x000000076d300000,0x00000007705ee8c0,0x0000000774e80000)
  from space 26112K, 3% used [0x0000000776b00000,0x0000000776be8000,0x0000000778480000)
  to   space 27648K, 0% used [0x0000000774e80000,0x0000000774e80000,0x0000000776980000)
 ParOldGen       total 104960K, used 22255K [0x00000006c7800000, 0x00000006cde80000, 0x000000076d300000)
  object space 104960K, 21% used [0x00000006c7800000,0x00000006c8dbbdf0,0x00000006cde80000)
 Metaspace       used 21549K, capacity 21780K, committed 22144K, reserved 1069056K
  class space    used 2489K, capacity 2574K, committed 2688K, reserved 1048576K
GC Heap History (10 events):
Event: 393.330 GC heap before
{Heap before GC invocations=5 (full 1):
 PSYoungGen      total 74752K, used 64512K [0x000000076d300000, 0x0000000772600000, 0x00000007c0000000)
  eden space 64512K, 100% used [0x000000076d300000,0x0000000771200000,0x0000000771200000)
  from space 10240K, 0% used [0x0000000771200000,0x0000000771200000,0x0000000771c00000)
  to   space 10240K, 0% used [0x0000000771c00000,0x0000000771c00000,0x0000000772600000)
 ParOldGen       total 104960K, used 22207K [0x00000006c7800000, 0x00000006cde80000, 0x000000076d300000)
  object space 104960K, 21% used [0x00000006c7800000,0x00000006c8dafdf0,0x00000006cde80000)
 Metaspace       used 21072K, capacity 21308K, committed 21504K, reserved 1069056K
  class space    used 2461K, capacity 2534K, committed 2560K, reserved 1048576K
Event: 393.334 GC heap after
Heap after GC invocations=5 (full 1):
 PSYoungGen      total 74752K, used 64K [0x000000076d300000, 0x0000000772600000, 0x00000007c0000000)
  eden space 64512K, 0% used [0x000000076d300000,0x000000076d300000,0x0000000771200000)
  from space 10240K, 0% used [0x0000000771c00000,0x0000000771c10000,0x0000000772600000)
  to   space 10240K, 0% used [0x0000000771200000,0x0000000771200000,0x0000000771c00000)
 ParOldGen       total 104960K, used 22207K [0x00000006c7800000, 0x00000006cde80000, 0x000000076d300000)
  object space 104960K, 21% used [0x00000006c7800000,0x00000006c8dafdf0,0x00000006cde80000)
 Metaspace       used 21072K, capacity 21308K, committed 21504K, reserved 1069056K
  class space    used 2461K, capacity 2534K, committed 2560K, reserved 1048576K
}
Event: 556.707 GC heap before
{Heap before GC invocations=6 (full 1):
 PSYoungGen      total 74752K, used 64576K [0x000000076d300000, 0x0000000772600000, 0x00000007c0000000)
  eden space 64512K, 100% used [0x000000076d300000,0x0000000771200000,0x0000000771200000)
  from space 10240K, 0% used [0x0000000771c00000,0x0000000771c10000,0x0000000772600000)
  to   space 10240K, 0% used [0x0000000771200000,0x0000000771200000,0x0000000771c00000)
 ParOldGen       total 104960K, used 22207K [0x00000006c7800000, 0x00000006cde80000, 0x000000076d300000)
  object space 104960K, 21% used [0x00000006c7800000,0x00000006c8dafdf0,0x00000006cde80000)
 Metaspace       used 21507K, capacity 21716K, committed 22144K, reserved 1069056K
  class space    used 2489K, capacity 2574K, committed 2688K, reserved 1048576K
Event: 556.737 GC heap after
Heap after GC invocations=6 (full 1):
 PSYoungGen      total 73216K, used 1428K [0x000000076d300000, 0x0000000774c80000, 0x00000007c0000000)
  eden space 62976K, 0% used [0x000000076d300000,0x000000076d300000,0x0000000771080000)
  from space 10240K, 13% used [0x0000000771200000,0x00000007713651f0,0x0000000771c00000)
  to   space 30720K, 0% used [0x0000000772e80000,0x0000000772e80000,0x0000000774c80000)
 ParOldGen       total 104960K, used 22215K [0x00000006c7800000, 0x00000006cde80000, 0x000000076d300000)
  object space 104960K, 21% used [0x00000006c7800000,0x00000006c8db1df0,0x00000006cde80000)
 Metaspace       used 21507K, capacity 21716K, committed 22144K, reserved 1069056K
  class space    used 2489K, capacity 2574K, committed 2688K, reserved 1048576K
}
Event: 557.042 GC heap before
{Heap before GC invocations=7 (full 1):
 PSYoungGen      total 73216K, used 64404K [0x000000076d300000, 0x0000000774c80000, 0x00000007c0000000)
  eden space 62976K, 100% used [0x000000076d300000,0x0000000771080000,0x0000000771080000)
  from space 10240K, 13% used [0x0000000771200000,0x00000007713651f0,0x0000000771c00000)
  to   space 30720K, 0% used [0x0000000772e80000,0x0000000772e80000,0x0000000774c80000)
 ParOldGen       total 104960K, used 22215K [0x00000006c7800000, 0x00000006cde80000, 0x000000076d300000)
  object space 104960K, 21% used [0x00000006c7800000,0x00000006c8db1df0,0x00000006cde80000)
 Metaspace       used 21548K, capacity 21780K, committed 22144K, reserved 1069056K
  class space    used 2489K, capacity 2574K, committed 2688K, reserved 1048576K
Event: 557.086 GC heap after
Heap after GC invocations=7 (full 1):
 PSYoungGen      total 94208K, used 1216K [0x000000076d300000, 0x0000000778880000, 0x00000007c0000000)
  eden space 63488K, 0% used [0x000000076d300000,0x000000076d300000,0x0000000771100000)
  from space 30720K, 3% used [0x0000000772e80000,0x0000000772fb0000,0x0000000774c80000)
  to   space 30208K, 0% used [0x0000000771100000,0x0000000771100000,0x0000000772e80000)
 ParOldGen       total 104960K, used 22223K [0x00000006c7800000, 0x00000006cde80000, 0x000000076d300000)
  object space 104960K, 21% used [0x00000006c7800000,0x00000006c8db3df0,0x00000006cde80000)
 Metaspace       used 21548K, capacity 21780K, committed 22144K, reserved 1069056K
  class space    used 2489K, capacity 2574K, committed 2688K, reserved 1048576K
}
Event: 557.268 GC heap before
{Heap before GC invocations=8 (full 1):
 PSYoungGen      total 94208K, used 64704K [0x000000076d300000, 0x0000000778880000, 0x00000007c0000000)
  eden space 63488K, 100% used [0x000000076d300000,0x0000000771100000,0x0000000771100000)
  from space 30720K, 3% used [0x0000000772e80000,0x0000000772fb0000,0x0000000774c80000)
  to   space 30208K, 0% used [0x0000000771100000,0x0000000771100000,0x0000000772e80000)
 ParOldGen       total 104960K, used 22223K [0x00000006c7800000, 0x00000006cde80000, 0x000000076d300000)
  object space 104960K, 21% used [0x00000006c7800000,0x00000006c8db3df0,0x00000006cde80000)
 Metaspace       used 21548K, capacity 21780K, committed 22144K, reserved 1069056K
  class space    used 2489K, capacity 2574K, committed 2688K, reserved 1048576K
Event: 557.278 GC heap after
Heap after GC invocations=8 (full 1):
 PSYoungGen      total 93696K, used 1184K [0x000000076d300000, 0x0000000778780000, 0x00000007c0000000)
  eden space 63488K, 0% used [0x000000076d300000,0x000000076d300000,0x0000000771100000)
  from space 30208K, 3% used [0x0000000771100000,0x0000000771228000,0x0000000772e80000)
  to   space 29184K, 0% used [0x0000000776b00000,0x0000000776b00000,0x0000000778780000)
 ParOldGen       total 104960K, used 22223K [0x00000006c7800000, 0x00000006cde80000, 0x000000076d300000)
  object space 104960K, 21% used [0x00000006c7800000,0x00000006c8db3df0,0x00000006cde80000)
 Metaspace       used 21548K, capacity 21780K, committed 22144K, reserved 1069056K
  class space    used 2489K, capacity 2574K, committed 2688K, reserved 1048576K
}
Event: 557.411 GC heap before
{Heap before GC invocations=9 (full 1):
 PSYoungGen      total 93696K, used 64672K [0x000000076d300000, 0x0000000778780000, 0x00000007c0000000)
  eden space 63488K, 100% used [0x000000076d300000,0x0000000771100000,0x0000000771100000)
  from space 30208K, 3% used [0x0000000771100000,0x0000000771228000,0x0000000772e80000)
  to   space 29184K, 0% used [0x0000000776b00000,0x0000000776b00000,0x0000000778780000)
 ParOldGen       total 104960K, used 22223K [0x00000006c7800000, 0x00000006cde80000, 0x000000076d300000)
  object space 104960K, 21% used [0x00000006c7800000,0x00000006c8db3df0,0x00000006cde80000)
 Metaspace       used 21548K, capacity 21780K, committed 22144K, reserved 1069056K
  class space    used 2489K, capacity 2574K, committed 2688K, reserved 1048576K
Event: 557.424 GC heap after
Heap after GC invocations=9 (full 1):
 PSYoungGen      total 152576K, used 928K [0x000000076d300000, 0x0000000778480000, 0x00000007c0000000)
  eden space 126464K, 0% used [0x000000076d300000,0x000000076d300000,0x0000000774e80000)
  from space 26112K, 3% used [0x0000000776b00000,0x0000000776be8000,0x0000000778480000)
  to   space 27648K, 0% used [0x0000000774e80000,0x0000000774e80000,0x0000000776980000)
 ParOldGen       total 104960K, used 22255K [0x00000006c7800000, 0x00000006cde80000, 0x000000076d300000)
  object space 104960K, 21% used [0x00000006c7800000,0x00000006c8dbbdf0,0x00000006cde80000)
 Metaspace       used 21548K, capacity 21780K, committed 22144K, reserved 1069056K
  class space    used 2489K, capacity 2574K, committed 2688K, reserved 1048576K
}

