# JRE version: Java(TM) SE Runtime Environment (8.0_151-b12) (build 1.8.0_151-b12)
# Java VM: Java HotSpot(TM) 64-Bit Server VM (25.151-b12 mixed mode linux-amd64 compressed oops)
Heap:
 PSYoungGen      total 77312K, used 2094K [0x000000076d300000, 0x0000000773800000, 0x00000007c0000000)
  eden space 55296K, 3% used [0x000000076d300000,0x000000076d4f3b40,0x0000000770900000)
  from space 22016K, 0% used [0x0000000772280000,0x0000000772298000,0x0000000773800000)
  to   space 24064K, 0% used [0x0000000770900000,0x0000000770900000,0x0000000772080000)
 ParOldGen       total 104960K, used 22345K [0x00000006c7800000, 0x00000006cde80000, 0x000000076d300000)
  object space 104960K, 21% used [0x00000006c7800000,0x00000006c8dd2438,0x00000006cde80000)
 Metaspace       used 21415K, capacity 21568K, committed 21760K, reserved 1069056K
  class space    used 2461K, capacity 2534K, committed 2560K, reserved 1048576K
GC Heap History (10 events):
Event: 1098.039 GC heap before
{Heap before GC invocations=9 (full 1):
 PSYoungGen      total 60928K, used 60640K [0x000000076d300000, 0x0000000774800000, 0x00000007c0000000)
  eden space 60416K, 100% used [0x000000076d300000,0x0000000770e00000,0x0000000770e00000)
  from space 512K, 43% used [0x0000000770f00000,0x0000000770f38000,0x0000000770f80000)
  to   space 29696K, 0% used [0x0000000772b00000,0x0000000772b00000,0x0000000774800000)
 ParOldGen       total 104960K, used 22153K [0x00000006c7800000, 0x00000006cde80000, 0x000000076d300000)
  object space 104960K, 21% used [0x00000006c7800000,0x00000006c8da2438,0x00000006cde80000)
 Metaspace       used 21357K, capacity 21568K, committed 21760K, reserved 1069056K
  class space    used 2461K, capacity 2534K, committed 2560K, reserved 1048576K
Event: 1098.046 GC heap after
Heap after GC invocations=9 (full 1):
 PSYoungGen      total 86016K, used 96K [0x000000076d300000, 0x0000000774500000, 0x00000007c0000000)
  eden space 59392K, 0% used [0x000000076d300000,0x000000076d300000,0x0000000770d00000)
  from space 26624K, 0% used [0x0000000772b00000,0x0000000772b18000,0x0000000774500000)
  to   space 28672K, 0% used [0x0000000770d00000,0x0000000770d00000,0x0000000772900000)
 ParOldGen       total 104960K, used 22217K [0x00000006c7800000, 0x00000006cde80000, 0x000000076d300000)
  object space 104960K, 21% used [0x00000006c7800000,0x00000006c8db2438,0x00000006cde80000)
 Metaspace       used 21357K, capacity 21568K, committed 21760K, reserved 1069056K
  class space    used 2461K, capacity 2534K, committed 2560K, reserved 1048576K
}
Event: 1278.646 GC heap before
{Heap before GC invocations=10 (full 1):
 PSYoungGen      total 86016K, used 59488K [0x000000076d300000, 0x0000000774500000, 0x00000007c0000000)
  eden space 59392K, 100% used [0x000000076d300000,0x0000000770d00000,0x0000000770d00000)
  from space 26624K, 0% used [0x0000000772b00000,0x0000000772b18000,0x0000000774500000)
  to   space 28672K, 0% used [0x0000000770d00000,0x0000000770d00000,0x0000000772900000)
 ParOldGen       total 104960K, used 22217K [0x00000006c7800000, 0x00000006cde80000, 0x000000076d300000)
  object space 104960K, 21% used [0x00000006c7800000,0x00000006c8db2438,0x00000006cde80000)
 Metaspace       used 21393K, capacity 21568K, committed 21760K, reserved 1069056K
  class space    used 2461K, capacity 2534K, committed 2560K, reserved 1048576K
Event: 1278.654 GC heap after
Heap after GC invocations=10 (full 1):
 PSYoungGen      total 58880K, used 128K [0x000000076d300000, 0x0000000774100000, 0x00000007c0000000)
  eden space 58368K, 0% used [0x000000076d300000,0x000000076d300000,0x0000000770c00000)
  from space 512K, 25% used [0x0000000770d00000,0x0000000770d20000,0x0000000770d80000)
  to   space 27136K, 0% used [0x0000000772680000,0x0000000772680000,0x0000000774100000)
 ParOldGen       total 104960K, used 22257K [0x00000006c7800000, 0x00000006cde80000, 0x000000076d300000)
  object space 104960K, 21% used [0x00000006c7800000,0x00000006c8dbc438,0x00000006cde80000)
 Metaspace       used 21393K, capacity 21568K, committed 21760K, reserved 1069056K
  class space    used 2461K, capacity 2534K, committed 2560K, reserved 1048576K
}
Event: 1458.360 GC heap before
{Heap before GC invocations=11 (full 1):
 PSYoungGen      total 58880K, used 58496K [0x000000076d300000, 0x0000000774100000, 0x00000007c0000000)
  eden space 58368K, 100% used [0x000000076d300000,0x0000000770c00000,0x0000000770c00000)
  from space 512K, 25% used [0x0000000770d00000,0x0000000770d20000,0x0000000770d80000)
  to   space 27136K, 0% used [0x0000000772680000,0x0000000772680000,0x0000000774100000)
 ParOldGen       total 104960K, used 22257K [0x00000006c7800000, 0x00000006cde80000, 0x000000076d300000)
  object space 104960K, 21% used [0x00000006c7800000,0x00000006c8dbc438,0x00000006cde80000)
 Metaspace       used 21394K, capacity 21568K, committed 21760K, reserved 1069056K
  class space    used 2461K, capacity 2534K, committed 2560K, reserved 1048576K
Event: 1458.363 GC heap after
Heap after GC invocations=11 (full 1):
 PSYoungGen      total 81408K, used 128K [0x000000076d300000, 0x0000000773e00000, 0x00000007c0000000)
  eden space 57344K, 0% used [0x000000076d300000,0x000000076d300000,0x0000000770b00000)
  from space 24064K, 0% used [0x0000000772680000,0x00000007726a0000,0x0000000773e00000)
  to   space 26112K, 0% used [0x0000000770b00000,0x0000000770b00000,0x0000000772480000)
 ParOldGen       total 104960K, used 22281K [0x00000006c7800000, 0x00000006cde80000, 0x000000076d300000)
  object space 104960K, 21% used [0x00000006c7800000,0x00000006c8dc2438,0x00000006cde80000)
 Metaspace       used 21394K, capacity 21568K, committed 21760K, reserved 1069056K
  class space    used 2461K, capacity 2534K, committed 2560K, reserved 1048576K
}
Event: 1632.678 GC heap before
{Heap before GC invocations=12 (full 1):
 PSYoungGen      total 81408K, used 57472K [0x000000076d300000, 0x0000000773e00000, 0x00000007c0000000)
  eden space 57344K, 100% used [0x000000076d300000,0x0000000770b00000,0x0000000770b00000)
  from space 24064K, 0% used [0x0000000772680000,0x00000007726a0000,0x0000000773e00000)
  to   space 26112K, 0% used [0x0000000770b00000,0x0000000770b00000,0x0000000772480000)
 ParOldGen       total 104960K, used 22281K [0x00000006c7800000, 0x00000006cde80000, 0x000000076d300000)
  object space 104960K, 21% used [0x00000006c7800000,0x00000006c8dc2438,0x00000006cde80000)
 Metaspace       used 21400K, capacity 21568K, committed 21760K, reserved 1069056K
  class space    used 2461K, capacity 2534K, committed 2560K, reserved 1048576K
Event: 1632.684 GC heap after
Heap after GC invocations=12 (full 1):
 PSYoungGen      total 56832K, used 192K [0x000000076d300000, 0x0000000773b00000, 0x00000007c0000000)
  eden space 56320K, 0% used [0x000000076d300000,0x000000076d300000,0x0000000770a00000)
  from space 512K, 37% used [0x0000000770b00000,0x0000000770b30000,0x0000000770b80000)
  to   space 25088K, 0% used [0x0000000772280000,0x0000000772280000,0x0000000773b00000)
 ParOldGen       total 104960K, used 22329K [0x00000006c7800000, 0x00000006cde80000, 0x000000076d300000)
  object space 104960K, 21% used [0x00000006c7800000,0x00000006c8dce438,0x00000006cde80000)
 Metaspace       used 21400K, capacity 21568K, committed 21760K, reserved 1069056K
  class space    used 2461K, capacity 2534K, committed 2560K, reserved 1048576K
}
Event: 1803.611 GC heap before
{Heap before GC invocations=13 (full 1):
 PSYoungGen      total 56832K, used 56512K [0x000000076d300000, 0x0000000773b00000, 0x00000007c0000000)
  eden space 56320K, 100% used [0x000000076d300000,0x0000000770a00000,0x0000000770a00000)
  from space 512K, 37% used [0x0000000770b00000,0x0000000770b30000,0x0000000770b80000)
  to   space 25088K, 0% used [0x0000000772280000,0x0000000772280000,0x0000000773b00000)
 ParOldGen       total 104960K, used 22329K [0x00000006c7800000, 0x00000006cde80000, 0x000000076d300000)
  object space 104960K, 21% used [0x00000006c7800000,0x00000006c8dce438,0x00000006cde80000)
 Metaspace       used 21414K, capacity 21568K, committed 21760K, reserved 1069056K
  class space    used 2461K, capacity 2534K, committed 2560K, reserved 1048576K
Event: 1803.618 GC heap after
Heap after GC invocations=13 (full 1):
 PSYoungGen      total 77312K, used 96K [0x000000076d300000, 0x0000000773800000, 0x00000007c0000000)
  eden space 55296K, 0% used [0x000000076d300000,0x000000076d300000,0x0000000770900000)
  from space 22016K, 0% used [0x0000000772280000,0x0000000772298000,0x0000000773800000)
  to   space 24064K, 0% used [0x0000000770900000,0x0000000770900000,0x0000000772080000)
 ParOldGen       total 104960K, used 22345K [0x00000006c7800000, 0x00000006cde80000, 0x000000076d300000)
  object space 104960K, 21% used [0x00000006c7800000,0x00000006c8dd2438,0x00000006cde80000)
 Metaspace       used 21414K, capacity 21568K, committed 21760K, reserved 1069056K
  class space    used 2461K, capacity 2534K, committed 2560K, reserved 1048576K
}

