# JRE version: Java(TM) SE Runtime Environment (8.0_151-b12) (build 1.8.0_151-b12)
# Java VM: Java HotSpot(TM) 64-Bit Server VM (25.151-b12 mixed mode linux-amd64 compressed oops)
Heap:
 PSYoungGen      total 148992K, used 83990K [0x000000076d300000, 0x0000000778080000, 0x00000007c0000000)
  eden space 122368K, 67% used [0x000000076d300000,0x00000007723d5968,0x0000000774a80000)
  from space 26624K, 4% used [0x0000000776680000,0x00000007767b0000,0x0000000778080000)
  to   space 27648K, 0% used [0x0000000774a80000,0x0000000774a80000,0x0000000776580000)
 ParOldGen       total 104448K, used 22163K [0x00000006c7800000, 0x00000006cde00000, 0x000000076d300000)
  object space 104448K, 21% used [0x00000006c7800000,0x00000006c8da4f68,0x00000006cde00000)
 Metaspace       used 21567K, capacity 21780K, committed 22144K, reserved 1069056K
  class space    used 2488K, capacity 2574K, committed 2688K, reserved 1048576K
GC Heap History (10 events):
Event: 347.306 GC heap before
{Heap before GC invocations=5 (full 1):
 PSYoungGen      total 74752K, used 64512K [0x000000076d300000, 0x0000000772600000, 0x00000007c0000000)
  eden space 64512K, 100% used [0x000000076d300000,0x0000000771200000,0x0000000771200000)
  from space 10240K, 0% used [0x0000000771200000,0x0000000771200000,0x0000000771c00000)
  to   space 10240K, 0% used [0x0000000771c00000,0x0000000771c00000,0x0000000772600000)
 ParOldGen       total 104448K, used 22115K [0x00000006c7800000, 0x00000006cde00000, 0x000000076d300000)
  object space 104448K, 21% used [0x00000006c7800000,0x00000006c8d98f68,0x00000006cde00000)
 Metaspace       used 21102K, capacity 21244K, committed 21504K, reserved 1069056K
  class space    used 2460K, capacity 2534K, committed 2560K, reserved 1048576K
Event: 347.312 GC heap after
Heap after GC invocations=5 (full 1):
 PSYoungGen      total 74752K, used 128K [0x000000076d300000, 0x0000000772600000, 0x00000007c0000000)
  eden space 64512K, 0% used [0x000000076d300000,0x000000076d300000,0x0000000771200000)
  from space 10240K, 1% used [0x0000000771c00000,0x0000000771c20000,0x0000000772600000)
  to   space 10240K, 0% used [0x0000000771200000,0x0000000771200000,0x0000000771c00000)
 ParOldGen       total 104448K, used 22123K [0x00000006c7800000, 0x00000006cde00000, 0x000000076d300000)
  object space 104448K, 21% used [0x00000006c7800000,0x00000006c8d9af68,0x00000006cde00000)
 Metaspace       used 21102K, capacity 21244K, committed 21504K, reserved 1069056K
  class space    used 2460K, capacity 2534K, committed 2560K, reserved 1048576K
}
Event: 532.246 GC heap before
{Heap before GC invocations=6 (full 1):
 PSYoungGen      total 74752K, used 64640K [0x000000076d300000, 0x0000000772600000, 0x00000007c0000000)
  eden space 64512K, 100% used [0x000000076d300000,0x0000000771200000,0x0000000771200000)
  from space 10240K, 1% used [0x0000000771c00000,0x0000000771c20000,0x0000000772600000)
  to   space 10240K, 0% used [0x0000000771200000,0x0000000771200000,0x0000000771c00000)
 ParOldGen       total 104448K, used 22123K [0x00000006c7800000, 0x00000006cde00000, 0x000000076d300000)
  object space 104448K, 21% used [0x00000006c7800000,0x00000006c8d9af68,0x00000006cde00000)
 Metaspace       used 21225K, capacity 21436K, committed 21760K, reserved 1069056K
  class space    used 2460K, capacity 2534K, committed 2560K, reserved 1048576K
Event: 532.251 GC heap after
Heap after GC invocations=6 (full 1):
 PSYoungGen      total 73216K, used 160K [0x000000076d300000, 0x0000000774d80000, 0x00000007c0000000)
  eden space 62976K, 0% used [0x000000076d300000,0x000000076d300000,0x0000000771080000)
  from space 10240K, 1% used [0x0000000771200000,0x0000000771228000,0x0000000771c00000)
  to   space 31232K, 0% used [0x0000000772f00000,0x0000000772f00000,0x0000000774d80000)
 ParOldGen       total 104448K, used 22123K [0x00000006c7800000, 0x00000006cde00000, 0x000000076d300000)
  object space 104448K, 21% used [0x00000006c7800000,0x00000006c8d9af68,0x00000006cde00000)
 Metaspace       used 21225K, capacity 21436K, committed 21760K, reserved 1069056K
  class space    used 2460K, capacity 2534K, committed 2560K, reserved 1048576K
}
Event: 556.809 GC heap before
{Heap before GC invocations=7 (full 1):
 PSYoungGen      total 73216K, used 63136K [0x000000076d300000, 0x0000000774d80000, 0x00000007c0000000)
  eden space 62976K, 100% used [0x000000076d300000,0x0000000771080000,0x0000000771080000)
  from space 10240K, 1% used [0x0000000771200000,0x0000000771228000,0x0000000771c00000)
  to   space 31232K, 0% used [0x0000000772f00000,0x0000000772f00000,0x0000000774d80000)
 ParOldGen       total 104448K, used 22123K [0x00000006c7800000, 0x00000006cde00000, 0x000000076d300000)
  object space 104448K, 21% used [0x00000006c7800000,0x00000006c8d9af68,0x00000006cde00000)
 Metaspace       used 21566K, capacity 21780K, committed 22144K, reserved 1069056K
  class space    used 2488K, capacity 2574K, committed 2688K, reserved 1048576K
Event: 556.832 GC heap after
Heap after GC invocations=7 (full 1):
 PSYoungGen      total 89088K, used 1364K [0x000000076d300000, 0x0000000774a00000, 0x00000007c0000000)
  eden space 61440K, 0% used [0x000000076d300000,0x000000076d300000,0x0000000770f00000)
  from space 27648K, 4% used [0x0000000772f00000,0x00000007730551f0,0x0000000774a00000)
  to   space 30208K, 0% used [0x0000000770f00000,0x0000000770f00000,0x0000000772c80000)
 ParOldGen       total 104448K, used 22123K [0x00000006c7800000, 0x00000006cde00000, 0x000000076d300000)
  object space 104448K, 21% used [0x00000006c7800000,0x00000006c8d9af68,0x00000006cde00000)
 Metaspace       used 21566K, capacity 21780K, committed 22144K, reserved 1069056K
  class space    used 2488K, capacity 2574K, committed 2688K, reserved 1048576K
}
Event: 556.925 GC heap before
{Heap before GC invocations=8 (full 1):
 PSYoungGen      total 89088K, used 62804K [0x000000076d300000, 0x0000000774a00000, 0x00000007c0000000)
  eden space 61440K, 100% used [0x000000076d300000,0x0000000770f00000,0x0000000770f00000)
  from space 27648K, 4% used [0x0000000772f00000,0x00000007730551f0,0x0000000774a00000)
  to   space 30208K, 0% used [0x0000000770f00000,0x0000000770f00000,0x0000000772c80000)
 ParOldGen       total 104448K, used 22123K [0x00000006c7800000, 0x00000006cde00000, 0x000000076d300000)
  object space 104448K, 21% used [0x00000006c7800000,0x00000006c8d9af68,0x00000006cde00000)
 Metaspace       used 21566K, capacity 21780K, committed 22144K, reserved 1069056K
  class space    used 2488K, capacity 2574K, committed 2688K, reserved 1048576K
Event: 556.935 GC heap after
Heap after GC invocations=8 (full 1):
 PSYoungGen      total 91648K, used 1152K [0x000000076d300000, 0x0000000778300000, 0x00000007c0000000)
  eden space 61440K, 0% used [0x000000076d300000,0x000000076d300000,0x0000000770f00000)
  from space 30208K, 3% used [0x0000000770f00000,0x0000000771020000,0x0000000772c80000)
  to   space 29184K, 0% used [0x0000000776680000,0x0000000776680000,0x0000000778300000)
 ParOldGen       total 104448K, used 22123K [0x00000006c7800000, 0x00000006cde00000, 0x000000076d300000)
  object space 104448K, 21% used [0x00000006c7800000,0x00000006c8d9af68,0x00000006cde00000)
 Metaspace       used 21566K, capacity 21780K, committed 22144K, reserved 1069056K
  class space    used 2488K, capacity 2574K, committed 2688K, reserved 1048576K
}
Event: 557.081 GC heap before
{Heap before GC invocations=9 (full 1):
 PSYoungGen      total 91648K, used 62592K [0x000000076d300000, 0x0000000778300000, 0x00000007c0000000)
  eden space 61440K, 100% used [0x000000076d300000,0x0000000770f00000,0x0000000770f00000)
  from space 30208K, 3% used [0x0000000770f00000,0x0000000771020000,0x0000000772c80000)
  to   space 29184K, 0% used [0x0000000776680000,0x0000000776680000,0x0000000778300000)
 ParOldGen       total 104448K, used 22123K [0x00000006c7800000, 0x00000006cde00000, 0x000000076d300000)
  object space 104448K, 21% used [0x00000006c7800000,0x00000006c8d9af68,0x00000006cde00000)
 Metaspace       used 21566K, capacity 21780K, committed 22144K, reserved 1069056K
  class space    used 2488K, capacity 2574K, committed 2688K, reserved 1048576K
Event: 557.101 GC heap after
Heap after GC invocations=9 (full 1):
 PSYoungGen      total 148992K, used 1216K [0x000000076d300000, 0x0000000778080000, 0x00000007c0000000)
  eden space 122368K, 0% used [0x000000076d300000,0x000000076d300000,0x0000000774a80000)
  from space 26624K, 4% used [0x0000000776680000,0x00000007767b0000,0x0000000778080000)
  to   space 27648K, 0% used [0x0000000774a80000,0x0000000774a80000,0x0000000776580000)
 ParOldGen       total 104448K, used 22163K [0x00000006c7800000, 0x00000006cde00000, 0x000000076d300000)
  object space 104448K, 21% used [0x00000006c7800000,0x00000006c8da4f68,0x00000006cde00000)
 Metaspace       used 21566K, capacity 21780K, committed 22144K, reserved 1069056K
  class space    used 2488K, capacity 2574K, committed 2688K, reserved 1048576K
}

