# JRE version: Java(TM) SE Runtime Environment (8.0_151-b12) (build 1.8.0_151-b12)
# Java VM: Java HotSpot(TM) 64-Bit Server VM (25.151-b12 mixed mode linux-amd64 compressed oops)
Heap:
 PSYoungGen      total 74752K, used 35092K [0x000000076d300000, 0x0000000772600000, 0x00000007c0000000)
  eden space 64512K, 38% used [0x000000076d300000,0x000000076eb49060,0x0000000771200000)
  from space 10240K, 99% used [0x0000000771c00000,0x00000007725fc360,0x0000000772600000)
  to   space 10240K, 0% used [0x0000000771200000,0x0000000771200000,0x0000000771c00000)
 ParOldGen       total 171008K, used 21676K [0x00000006c7800000, 0x00000006d1f00000, 0x000000076d300000)
  object space 171008K, 12% used [0x00000006c7800000,0x00000006c8d2b0b8,0x00000006d1f00000)
 Metaspace       used 20941K, capacity 21116K, committed 21248K, reserved 1069056K
  class space    used 2457K, capacity 2534K, committed 2560K, reserved 1048576K
GC Heap History (4 events):
Event: 1.828 GC heap before
{Heap before GC invocations=1 (full 0):
 PSYoungGen      total 74752K, used 64512K [0x000000076d300000, 0x0000000772600000, 0x00000007c0000000)
  eden space 64512K, 100% used [0x000000076d300000,0x0000000771200000,0x0000000771200000)
  from space 10240K, 0% used [0x0000000771c00000,0x0000000771c00000,0x0000000772600000)
  to   space 10240K, 0% used [0x0000000771200000,0x0000000771200000,0x0000000771c00000)
 ParOldGen       total 171008K, used 0K [0x00000006c7800000, 0x00000006d1f00000, 0x000000076d300000)
  object space 171008K, 0% used [0x00000006c7800000,0x00000006c7800000,0x00000006d1f00000)
 Metaspace       used 16135K, capacity 16360K, committed 16640K, reserved 1064960K
  class space    used 1879K, capacity 1954K, committed 2048K, reserved 1048576K
Event: 1.846 GC heap after
Heap after GC invocations=1 (full 0):
 PSYoungGen      total 74752K, used 10224K [0x000000076d300000, 0x0000000772600000, 0x00000007c0000000)
  eden space 64512K, 0% used [0x000000076d300000,0x000000076d300000,0x0000000771200000)
  from space 10240K, 99% used [0x0000000771200000,0x0000000771bfc330,0x0000000771c00000)
  to   space 10240K, 0% used [0x0000000771c00000,0x0000000771c00000,0x0000000772600000)
 ParOldGen       total 171008K, used 14157K [0x00000006c7800000, 0x00000006d1f00000, 0x000000076d300000)
  object space 171008K, 8% used [0x00000006c7800000,0x00000006c85d3760,0x00000006d1f00000)
 Metaspace       used 16135K, capacity 16360K, committed 16640K, reserved 1064960K
  class space    used 1879K, capacity 1954K, committed 2048K, reserved 1048576K
}
Event: 92.421 GC heap before
{Heap before GC invocations=2 (full 0):
 PSYoungGen      total 74752K, used 74736K [0x000000076d300000, 0x0000000772600000, 0x00000007c0000000)
  eden space 64512K, 100% used [0x000000076d300000,0x0000000771200000,0x0000000771200000)
  from space 10240K, 99% used [0x0000000771200000,0x0000000771bfc330,0x0000000771c00000)
  to   space 10240K, 0% used [0x0000000771c00000,0x0000000771c00000,0x0000000772600000)
 ParOldGen       total 171008K, used 14157K [0x00000006c7800000, 0x00000006d1f00000, 0x000000076d300000)
  object space 171008K, 8% used [0x00000006c7800000,0x00000006c85d3760,0x00000006d1f00000)
 Metaspace       used 20889K, capacity 21116K, committed 21248K, reserved 1069056K
  class space    used 2454K, capacity 2534K, committed 2560K, reserved 1048576K
Event: 92.479 GC heap after
Heap after GC invocations=2 (full 0):
 PSYoungGen      total 74752K, used 10224K [0x000000076d300000, 0x0000000772600000, 0x00000007c0000000)
  eden space 64512K, 0% used [0x000000076d300000,0x000000076d300000,0x0000000771200000)
  from space 10240K, 99% used [0x0000000771c00000,0x00000007725fc360,0x0000000772600000)
  to   space 10240K, 0% used [0x0000000771200000,0x0000000771200000,0x0000000771c00000)
 ParOldGen       total 171008K, used 21676K [0x00000006c7800000, 0x00000006d1f00000, 0x000000076d300000)
  object space 171008K, 12% used [0x00000006c7800000,0x00000006c8d2b0b8,0x00000006d1f00000)
 Metaspace       used 20889K, capacity 21116K, committed 21248K, reserved 1069056K
  class space    used 2454K, capacity 2534K, committed 2560K, reserved 1048576K
}

