# JRE version: Java(TM) SE Runtime Environment (8.0_151-b12) (build 1.8.0_151-b12)
# Java VM: Java HotSpot(TM) 64-Bit Server VM (25.151-b12 mixed mode linux-amd64 compressed oops)
Heap:
 PSYoungGen      total 56832K, used 22827K [0x000000076d300000, 0x0000000773600000, 0x00000007c0000000)
  eden space 56320K, 40% used [0x000000076d300000,0x000000076e92adf0,0x0000000770a00000)
  from space 512K, 25% used [0x0000000770b00000,0x0000000770b20000,0x0000000770b80000)
  to   space 22528K, 0% used [0x0000000772000000,0x0000000772000000,0x0000000773600000)
 ParOldGen       total 105984K, used 24799K [0x00000006c7800000, 0x00000006cdf80000, 0x000000076d300000)
  object space 105984K, 23% used [0x00000006c7800000,0x00000006c9037f08,0x00000006cdf80000)
 Metaspace       used 21466K, capacity 21696K, committed 22016K, reserved 1069056K
  class space    used 2461K, capacity 2534K, committed 2560K, reserved 1048576K
GC Heap History (10 events):
Event: 1021.188 GC heap before
{Heap before GC invocations=8 (full 1):
 PSYoungGen      total 87552K, used 61600K [0x000000076d300000, 0x0000000774800000, 0x00000007c0000000)
  eden space 61440K, 100% used [0x000000076d300000,0x0000000770f00000,0x0000000770f00000)
  from space 26112K, 0% used [0x0000000772e80000,0x0000000772ea8000,0x0000000774800000)
  to   space 29184K, 0% used [0x0000000770f00000,0x0000000770f00000,0x0000000772b80000)
 ParOldGen       total 105984K, used 24799K [0x00000006c7800000, 0x00000006cdf80000, 0x000000076d300000)
  object space 105984K, 23% used [0x00000006c7800000,0x00000006c9037f08,0x00000006cdf80000)
 Metaspace       used 21407K, capacity 21632K, committed 21760K, reserved 1069056K
  class space    used 2461K, capacity 2534K, committed 2560K, reserved 1048576K
Event: 1021.190 GC heap after
Heap after GC invocations=8 (full 1):
 PSYoungGen      total 60928K, used 192K [0x000000076d300000, 0x0000000774400000, 0x00000007c0000000)
  eden space 60416K, 0% used [0x000000076d300000,0x000000076d300000,0x0000000770e00000)
  from space 512K, 37% used [0x0000000770f00000,0x0000000770f30000,0x0000000770f80000)
  to   space 27648K, 0% used [0x0000000772900000,0x0000000772900000,0x0000000774400000)
 ParOldGen       total 105984K, used 24799K [0x00000006c7800000, 0x00000006cdf80000, 0x000000076d300000)
  object space 105984K, 23% used [0x00000006c7800000,0x00000006c9037f08,0x00000006cdf80000)
 Metaspace       used 21407K, capacity 21632K, committed 21760K, reserved 1069056K
  class space    used 2461K, capacity 2534K, committed 2560K, reserved 1048576K
}
Event: 1203.133 GC heap before
{Heap before GC invocations=9 (full 1):
 PSYoungGen      total 60928K, used 60608K [0x000000076d300000, 0x0000000774400000, 0x00000007c0000000)
  eden space 60416K, 100% used [0x000000076d300000,0x0000000770e00000,0x0000000770e00000)
  from space 512K, 37% used [0x0000000770f00000,0x0000000770f30000,0x0000000770f80000)
  to   space 27648K, 0% used [0x0000000772900000,0x0000000772900000,0x0000000774400000)
 ParOldGen       total 105984K, used 24799K [0x00000006c7800000, 0x00000006cdf80000, 0x000000076d300000)
  object space 105984K, 23% used [0x00000006c7800000,0x00000006c9037f08,0x00000006cdf80000)
 Metaspace       used 21414K, capacity 21632K, committed 21760K, reserved 1069056K
  class space    used 2461K, capacity 2534K, committed 2560K, reserved 1048576K
Event: 1203.139 GC heap after
Heap after GC invocations=9 (full 1):
 PSYoungGen      total 83968K, used 224K [0x000000076d300000, 0x0000000774100000, 0x00000007c0000000)
  eden space 59392K, 0% used [0x000000076d300000,0x000000076d300000,0x0000000770d00000)
  from space 24576K, 0% used [0x0000000772900000,0x0000000772938000,0x0000000774100000)
  to   space 26624K, 0% used [0x0000000770d00000,0x0000000770d00000,0x0000000772700000)
 ParOldGen       total 105984K, used 24799K [0x00000006c7800000, 0x00000006cdf80000, 0x000000076d300000)
  object space 105984K, 23% used [0x00000006c7800000,0x00000006c9037f08,0x00000006cdf80000)
 Metaspace       used 21414K, capacity 21632K, committed 21760K, reserved 1069056K
  class space    used 2461K, capacity 2534K, committed 2560K, reserved 1048576K
}
Event: 1383.730 GC heap before
{Heap before GC invocations=10 (full 1):
 PSYoungGen      total 83968K, used 59616K [0x000000076d300000, 0x0000000774100000, 0x00000007c0000000)
  eden space 59392K, 100% used [0x000000076d300000,0x0000000770d00000,0x0000000770d00000)
  from space 24576K, 0% used [0x0000000772900000,0x0000000772938000,0x0000000774100000)
  to   space 26624K, 0% used [0x0000000770d00000,0x0000000770d00000,0x0000000772700000)
 ParOldGen       total 105984K, used 24799K [0x00000006c7800000, 0x00000006cdf80000, 0x000000076d300000)
  object space 105984K, 23% used [0x00000006c7800000,0x00000006c9037f08,0x00000006cdf80000)
 Metaspace       used 21444K, capacity 21632K, committed 21760K, reserved 1069056K
  class space    used 2461K, capacity 2534K, committed 2560K, reserved 1048576K
Event: 1383.737 GC heap after
Heap after GC invocations=10 (full 1):
 PSYoungGen      total 58880K, used 224K [0x000000076d300000, 0x0000000773d00000, 0x00000007c0000000)
  eden space 58368K, 0% used [0x000000076d300000,0x000000076d300000,0x0000000770c00000)
  from space 512K, 43% used [0x0000000770d00000,0x0000000770d38000,0x0000000770d80000)
  to   space 25088K, 0% used [0x0000000772480000,0x0000000772480000,0x0000000773d00000)
 ParOldGen       total 105984K, used 24799K [0x00000006c7800000, 0x00000006cdf80000, 0x000000076d300000)
  object space 105984K, 23% used [0x00000006c7800000,0x00000006c9037f08,0x00000006cdf80000)
 Metaspace       used 21444K, capacity 21632K, committed 21760K, reserved 1069056K
  class space    used 2461K, capacity 2534K, committed 2560K, reserved 1048576K
}
Event: 1563.410 GC heap before
{Heap before GC invocations=11 (full 1):
 PSYoungGen      total 58880K, used 58592K [0x000000076d300000, 0x0000000773d00000, 0x00000007c0000000)
  eden space 58368K, 100% used [0x000000076d300000,0x0000000770c00000,0x0000000770c00000)
  from space 512K, 43% used [0x0000000770d00000,0x0000000770d38000,0x0000000770d80000)
  to   space 25088K, 0% used [0x0000000772480000,0x0000000772480000,0x0000000773d00000)
 ParOldGen       total 105984K, used 24799K [0x00000006c7800000, 0x00000006cdf80000, 0x000000076d300000)
  object space 105984K, 23% used [0x00000006c7800000,0x00000006c9037f08,0x00000006cdf80000)
 Metaspace       used 21448K, capacity 21632K, committed 21760K, reserved 1069056K
  class space    used 2461K, capacity 2534K, committed 2560K, reserved 1048576K
Event: 1563.417 GC heap after
Heap after GC invocations=11 (full 1):
 PSYoungGen      total 79360K, used 224K [0x000000076d300000, 0x0000000773a00000, 0x00000007c0000000)
  eden space 57344K, 0% used [0x000000076d300000,0x000000076d300000,0x0000000770b00000)
  from space 22016K, 1% used [0x0000000772480000,0x00000007724b8000,0x0000000773a00000)
  to   space 24064K, 0% used [0x0000000770b00000,0x0000000770b00000,0x0000000772280000)
 ParOldGen       total 105984K, used 24799K [0x00000006c7800000, 0x00000006cdf80000, 0x000000076d300000)
  object space 105984K, 23% used [0x00000006c7800000,0x00000006c9037f08,0x00000006cdf80000)
 Metaspace       used 21448K, capacity 21632K, committed 21760K, reserved 1069056K
  class space    used 2461K, capacity 2534K, committed 2560K, reserved 1048576K
}
Event: 1743.523 GC heap before
{Heap before GC invocations=12 (full 1):
 PSYoungGen      total 79360K, used 57568K [0x000000076d300000, 0x0000000773a00000, 0x00000007c0000000)
  eden space 57344K, 100% used [0x000000076d300000,0x0000000770b00000,0x0000000770b00000)
  from space 22016K, 1% used [0x0000000772480000,0x00000007724b8000,0x0000000773a00000)
  to   space 24064K, 0% used [0x0000000770b00000,0x0000000770b00000,0x0000000772280000)
 ParOldGen       total 105984K, used 24799K [0x00000006c7800000, 0x00000006cdf80000, 0x000000076d300000)
  object space 105984K, 23% used [0x00000006c7800000,0x00000006c9037f08,0x00000006cdf80000)
 Metaspace       used 21464K, capacity 21696K, committed 22016K, reserved 1069056K
  class space    used 2461K, capacity 2534K, committed 2560K, reserved 1048576K
Event: 1743.533 GC heap after
Heap after GC invocations=12 (full 1):
 PSYoungGen      total 56832K, used 128K [0x000000076d300000, 0x0000000773600000, 0x00000007c0000000)
  eden space 56320K, 0% used [0x000000076d300000,0x000000076d300000,0x0000000770a00000)
  from space 512K, 25% used [0x0000000770b00000,0x0000000770b20000,0x0000000770b80000)
  to   space 22528K, 0% used [0x0000000772000000,0x0000000772000000,0x0000000773600000)
 ParOldGen       total 105984K, used 24799K [0x00000006c7800000, 0x00000006cdf80000, 0x000000076d300000)
  object space 105984K, 23% used [0x00000006c7800000,0x00000006c9037f08,0x00000006cdf80000)
 Metaspace       used 21464K, capacity 21696K, committed 22016K, reserved 1069056K
  class space    used 2461K, capacity 2534K, committed 2560K, reserved 1048576K
}

